<?xml version="1.0" encoding="UTF-8"?>
<testsuite name="FizzBuzzTest" tests="5" skipped="0" failures="0" errors="0" timestamp="2017-04-03T18:55:00" hostname="Davids-MacBook-Pro.local" time="0.002">
  <properties/>
  <testcase name="whenFizzBuzzIsPassedAMultipleOfFiveItReturnsBuzz" classname="FizzBuzzTest" time="0.001"/>
  <testcase name="whenFizzBuzzIsPassedANumberItReturnsThatNumber" classname="FizzBuzzTest" time="0.0"/>
  <testcase name="whenFizzBuzzIsPassedATwoItReturnsATwo" classname="FizzBuzzTest" time="0.001"/>
  <testcase name="whenFizzBuzzIsPassedAMultipleOfThreeAndFiveItReturnsFizzBuzz" classname="FizzBuzzTest" time="0.0"/>
  <testcase name="whenFizzBuzzIsPassedAMultipleOfThreeItReturnsFizz" classname="FizzBuzzTest" time="0.0"/>
  <system-out><![CDATA[]]></system-out>
  <system-err><![CDATA[]]></system-err>
</testsuite>
